[2025 05 14 14:05:47] INFO 	src/logger.cpp:22 	Initialized logger successfully!
[2025 05 14 14:05:47] INFO 	src/server_main.cpp:15 	Hello from SERVER, SO2-Final!

[2025 05 14 14:05:47] INFO 	src/server_main.cpp:16 	Starting server...

[2025 05 14 14:07:56] INFO 	src/Server/NetworkManager.cpp:199 	Sent chunk of size 2048 from file: video_teste.webm, 1/395
[2025 05 14 14:07:56] INFO 	src/Server/NetworkManager.cpp:199 	Sent chunk of size 2048 from file: video_teste.webm, 2/395
[2025 05 14 14:07:56] INFO 	src/Server/NetworkManager.cpp:199 	Sent chunk of size 2048 from file: video_teste.webm, 3/395
[2025 05 14 14:07:56] INFO 	src/Server/NetworkManager.cpp:199 	Sent chunk of size 2048 from file: video_teste.webm, 4/395
[2025 05 14 14:07:56] INFO 	src/Server/NetworkManager.cpp:199 	Sent chunk of size 2048 from file: video_teste.webm, 5/395
[2025 05 14 14:07:56] INFO 	src/Server/NetworkManager.cpp:199 	Sent chunk of size 2048 from file: video_teste.webm, 6/395
[2025 05 14 14:07:56] INFO 	src/Server/NetworkManager.cpp:199 	Sent chunk of size 2048 from file: video_teste.webm, 7/395
[2025 05 14 14:07:56] INFO 	src/Server/NetworkManager.cpp:199 	Sent chunk of size 2048 from file: video_teste.webm, 8/395
[2025 05 14 14:07:56] INFO 	src/Server/NetworkManager.cpp:199 	Sent chunk of size 2048 from file: video_teste.webm, 9/395
[2025 05 14 14:07:56] INFO 	src/Server/NetworkManager.cpp:199 	Sent chunk of size 2048 from file: video_teste.webm, 10/395
[2025 05 14 14:07:56] INFO 	src/Server/NetworkManager.cpp:199 	Sent chunk of size 2048 from file: video_teste.webm, 11/395
[2025 05 14 14:07:56] INFO 	src/Server/NetworkManager.cpp:199 	Sent chunk of size 2048 from file: video_teste.webm, 12/395
[2025 05 14 14:07:56] INFO 	src/Server/NetworkManager.cpp:199 	Sent chunk of size 2048 from file: video_teste.webm, 13/395
[2025 05 14 14:07:56] INFO 	src/Server/NetworkManager.cpp:199 	Sent chunk of size 2048 from file: video_teste.webm, 14/395
[2025 05 14 14:07:56] INFO 	src/Server/NetworkManager.cpp:199 	Sent chunk of size 2048 from file: video_teste.webm, 15/395
[2025 05 14 14:07:56] INFO 	src/Server/NetworkManager.cpp:199 	Sent chunk of size 2048 from file: video_teste.webm, 16/395
[2025 05 14 14:07:56] INFO 	src/Server/NetworkManager.cpp:199 	Sent chunk of size 2048 from file: video_teste.webm, 17/395
[2025 05 14 14:07:56] INFO 	src/Server/NetworkManager.cpp:199 	Sent chunk of size 2048 from file: video_teste.webm, 18/395
[2025 05 14 14:07:56] INFO 	src/Server/NetworkManager.cpp:199 	Sent chunk of size 2048 from file: video_teste.webm, 19/395
[2025 05 14 14:07:56] INFO 	src/Server/NetworkManager.cpp:199 	Sent chunk of size 2048 from file: video_teste.webm, 20/395
[2025 05 14 14:07:56] INFO 	src/Server/NetworkManager.cpp:199 	Sent chunk of size 2048 from file: video_teste.webm, 21/395
[2025 05 14 14:07:56] INFO 	src/Server/NetworkManager.cpp:199 	Sent chunk of size 2048 from file: video_teste.webm, 22/395
[2025 05 14 14:07:56] INFO 	src/Server/NetworkManager.cpp:199 	Sent chunk of size 2048 from file: video_teste.webm, 23/395
[2025 05 14 14:07:56] INFO 	src/Server/NetworkManager.cpp:199 	Sent chunk of size 2048 from file: video_teste.webm, 24/395
[2025 05 14 14:07:56] INFO 	src/Server/NetworkManager.cpp:199 	Sent chunk of size 2048 from file: video_teste.webm, 25/395
[2025 05 14 14:07:56] INFO 	src/Server/NetworkManager.cpp:199 	Sent chunk of size 2048 from file: video_teste.webm, 26/395
[2025 05 14 14:07:56] INFO 	src/Server/NetworkManager.cpp:199 	Sent chunk of size 2048 from file: video_teste.webm, 27/395
[2025 05 14 14:07:56] INFO 	src/Server/NetworkManager.cpp:199 	Sent chunk of size 2048 from file: video_teste.webm, 28/395
[2025 05 14 14:07:56] INFO 	src/Server/NetworkManager.cpp:199 	Sent chunk of size 2048 from file: video_teste.webm, 29/395
[2025 05 14 14:07:56] INFO 	src/Server/NetworkManager.cpp:199 	Sent chunk of size 2048 from file: video_teste.webm, 30/395
[2025 05 14 14:07:56] INFO 	src/Server/NetworkManager.cpp:199 	Sent chunk of size 2048 from file: video_teste.webm, 31/395
[2025 05 14 14:07:56] INFO 	src/Server/NetworkManager.cpp:199 	Sent chunk of size 2048 from file: video_teste.webm, 32/395
[2025 05 14 14:07:56] INFO 	src/Server/NetworkManager.cpp:199 	Sent chunk of size 2048 from file: video_teste.webm, 33/395
[2025 05 14 14:07:56] INFO 	src/Server/NetworkManager.cpp:199 	Sent chunk of size 2048 from file: video_teste.webm, 34/395
[2025 05 14 14:07:56] INFO 	src/Server/NetworkManager.cpp:199 	Sent chunk of size 2048 from file: video_teste.webm, 35/395
[2025 05 14 14:07:56] INFO 	src/Server/NetworkManager.cpp:199 	Sent chunk of size 2048 from file: video_teste.webm, 36/395
[2025 05 14 14:07:56] INFO 	src/Server/NetworkManager.cpp:199 	Sent chunk of size 2048 from file: video_teste.webm, 37/395
[2025 05 14 14:07:56] INFO 	src/Server/NetworkManager.cpp:199 	Sent chunk of size 2048 from file: video_teste.webm, 38/395
[2025 05 14 14:07:56] INFO 	src/Server/NetworkManager.cpp:199 	Sent chunk of size 2048 from file: video_teste.webm, 39/395
[2025 05 14 14:07:56] INFO 	src/Server/NetworkManager.cpp:199 	Sent chunk of size 2048 from file: video_teste.webm, 40/395
[2025 05 14 14:07:56] INFO 	src/Server/NetworkManager.cpp:199 	Sent chunk of size 2048 from file: video_teste.webm, 41/395
[2025 05 14 14:07:56] INFO 	src/Server/NetworkManager.cpp:199 	Sent chunk of size 2048 from file: video_teste.webm, 42/395
[2025 05 14 14:07:56] INFO 	src/Server/NetworkManager.cpp:199 	Sent chunk of size 2048 from file: video_teste.webm, 43/395
[2025 05 14 14:07:56] INFO 	src/Server/NetworkManager.cpp:199 	Sent chunk of size 2048 from file: video_teste.webm, 44/395
[2025 05 14 14:07:56] INFO 	src/Server/NetworkManager.cpp:199 	Sent chunk of size 2048 from file: video_teste.webm, 45/395
[2025 05 14 14:07:56] INFO 	src/Server/NetworkManager.cpp:199 	Sent chunk of size 2048 from file: video_teste.webm, 46/395
[2025 05 14 14:07:56] INFO 	src/Server/NetworkManager.cpp:199 	Sent chunk of size 2048 from file: video_teste.webm, 47/395
[2025 05 14 14:07:56] INFO 	src/Server/NetworkManager.cpp:199 	Sent chunk of size 2048 from file: video_teste.webm, 48/395
[2025 05 14 14:07:56] INFO 	src/Server/NetworkManager.cpp:199 	Sent chunk of size 2048 from file: video_teste.webm, 49/395
[2025 05 14 14:07:56] INFO 	src/Server/NetworkManager.cpp:199 	Sent chunk of size 2048 from file: video_teste.webm, 50/395
[2025 05 14 14:07:56] INFO 	src/Server/NetworkManager.cpp:199 	Sent chunk of size 2048 from file: video_teste.webm, 51/395
[2025 05 14 14:07:56] INFO 	src/Server/NetworkManager.cpp:199 	Sent chunk of size 2048 from file: video_teste.webm, 52/395
[2025 05 14 14:07:56] INFO 	src/Server/NetworkManager.cpp:199 	Sent chunk of size 2048 from file: video_teste.webm, 53/395
[2025 05 14 14:07:56] INFO 	src/Server/NetworkManager.cpp:199 	Sent chunk of size 2048 from file: video_teste.webm, 54/395
[2025 05 14 14:07:56] INFO 	src/Server/NetworkManager.cpp:199 	Sent chunk of size 2048 from file: video_teste.webm, 55/395
[2025 05 14 14:07:56] INFO 	src/Server/NetworkManager.cpp:199 	Sent chunk of size 2048 from file: video_teste.webm, 56/395
[2025 05 14 14:07:56] INFO 	src/Server/NetworkManager.cpp:199 	Sent chunk of size 2048 from file: video_teste.webm, 57/395
[2025 05 14 14:07:56] INFO 	src/Server/NetworkManager.cpp:199 	Sent chunk of size 2048 from file: video_teste.webm, 58/395
[2025 05 14 14:07:56] INFO 	src/Server/NetworkManager.cpp:199 	Sent chunk of size 2048 from file: video_teste.webm, 59/395
[2025 05 14 14:07:56] INFO 	src/Server/NetworkManager.cpp:199 	Sent chunk of size 2048 from file: video_teste.webm, 60/395
[2025 05 14 14:07:56] INFO 	src/Server/NetworkManager.cpp:199 	Sent chunk of size 2048 from file: video_teste.webm, 61/395
[2025 05 14 14:07:56] INFO 	src/Server/NetworkManager.cpp:199 	Sent chunk of size 2048 from file: video_teste.webm, 62/395
[2025 05 14 14:07:56] INFO 	src/Server/NetworkManager.cpp:199 	Sent chunk of size 2048 from file: video_teste.webm, 63/395
[2025 05 14 14:07:56] INFO 	src/Server/NetworkManager.cpp:199 	Sent chunk of size 2048 from file: video_teste.webm, 64/395
[2025 05 14 14:07:56] INFO 	src/Server/NetworkManager.cpp:199 	Sent chunk of size 2048 from file: video_teste.webm, 65/395
[2025 05 14 14:07:56] INFO 	src/Server/NetworkManager.cpp:199 	Sent chunk of size 2048 from file: video_teste.webm, 66/395
[2025 05 14 14:07:56] INFO 	src/Server/NetworkManager.cpp:199 	Sent chunk of size 2048 from file: video_teste.webm, 67/395
[2025 05 14 14:07:56] INFO 	src/Server/NetworkManager.cpp:199 	Sent chunk of size 2048 from file: video_teste.webm, 68/395
[2025 05 14 14:07:56] INFO 	src/Server/NetworkManager.cpp:199 	Sent chunk of size 2048 from file: video_teste.webm, 69/395
[2025 05 14 14:07:56] INFO 	src/Server/NetworkManager.cpp:199 	Sent chunk of size 2048 from file: video_teste.webm, 70/395
[2025 05 14 14:07:56] INFO 	src/Server/NetworkManager.cpp:199 	Sent chunk of size 2048 from file: video_teste.webm, 71/395
[2025 05 14 14:07:56] INFO 	src/Server/NetworkManager.cpp:199 	Sent chunk of size 2048 from file: video_teste.webm, 72/395
[2025 05 14 14:07:56] INFO 	src/Server/NetworkManager.cpp:199 	Sent chunk of size 2048 from file: video_teste.webm, 73/395
[2025 05 14 14:07:56] INFO 	src/Server/NetworkManager.cpp:199 	Sent chunk of size 2048 from file: video_teste.webm, 74/395
[2025 05 14 14:07:56] INFO 	src/Server/NetworkManager.cpp:199 	Sent chunk of size 2048 from file: video_teste.webm, 75/395
[2025 05 14 14:07:56] INFO 	src/Server/NetworkManager.cpp:199 	Sent chunk of size 2048 from file: video_teste.webm, 76/395
[2025 05 14 14:07:56] INFO 	src/Server/NetworkManager.cpp:199 	Sent chunk of size 2048 from file: video_teste.webm, 77/395
[2025 05 14 14:07:56] INFO 	src/Server/NetworkManager.cpp:199 	Sent chunk of size 2048 from file: video_teste.webm, 78/395
[2025 05 14 14:07:56] INFO 	src/Server/NetworkManager.cpp:199 	Sent chunk of size 2048 from file: video_teste.webm, 79/395
[2025 05 14 14:07:56] INFO 	src/Server/NetworkManager.cpp:199 	Sent chunk of size 2048 from file: video_teste.webm, 80/395
[2025 05 14 14:07:56] INFO 	src/Server/NetworkManager.cpp:199 	Sent chunk of size 2048 from file: video_teste.webm, 81/395
[2025 05 14 14:07:56] INFO 	src/Server/NetworkManager.cpp:199 	Sent chunk of size 2048 from file: video_teste.webm, 82/395
[2025 05 14 14:07:56] INFO 	src/Server/NetworkManager.cpp:199 	Sent chunk of size 2048 from file: video_teste.webm, 83/395
[2025 05 14 14:07:56] INFO 	src/Server/NetworkManager.cpp:199 	Sent chunk of size 2048 from file: video_teste.webm, 84/395
[2025 05 14 14:07:56] INFO 	src/Server/NetworkManager.cpp:199 	Sent chunk of size 2048 from file: video_teste.webm, 85/395
[2025 05 14 14:07:56] INFO 	src/Server/NetworkManager.cpp:199 	Sent chunk of size 2048 from file: video_teste.webm, 86/395
[2025 05 14 14:07:56] INFO 	src/Server/NetworkManager.cpp:199 	Sent chunk of size 2048 from file: video_teste.webm, 87/395
[2025 05 14 14:07:56] INFO 	src/Server/NetworkManager.cpp:199 	Sent chunk of size 2048 from file: video_teste.webm, 88/395
[2025 05 14 14:07:56] INFO 	src/Server/NetworkManager.cpp:199 	Sent chunk of size 2048 from file: video_teste.webm, 89/395
[2025 05 14 14:07:56] INFO 	src/Server/NetworkManager.cpp:199 	Sent chunk of size 2048 from file: video_teste.webm, 90/395
[2025 05 14 14:07:56] INFO 	src/Server/NetworkManager.cpp:199 	Sent chunk of size 2048 from file: video_teste.webm, 91/395
[2025 05 14 14:07:56] INFO 	src/Server/NetworkManager.cpp:199 	Sent chunk of size 2048 from file: video_teste.webm, 92/395
[2025 05 14 14:07:56] INFO 	src/Server/NetworkManager.cpp:199 	Sent chunk of size 2048 from file: video_teste.webm, 93/395
[2025 05 14 14:07:56] INFO 	src/Server/NetworkManager.cpp:199 	Sent chunk of size 2048 from file: video_teste.webm, 94/395
[2025 05 14 14:07:56] INFO 	src/Server/NetworkManager.cpp:199 	Sent chunk of size 2048 from file: video_teste.webm, 95/395
[2025 05 14 14:07:56] INFO 	src/Server/NetworkManager.cpp:199 	Sent chunk of size 2048 from file: video_teste.webm, 96/395
[2025 05 14 14:07:56] INFO 	src/Server/NetworkManager.cpp:199 	Sent chunk of size 2048 from file: video_teste.webm, 97/395
[2025 05 14 14:07:56] INFO 	src/Server/NetworkManager.cpp:199 	Sent chunk of size 2048 from file: video_teste.webm, 98/395
[2025 05 14 14:07:56] INFO 	src/Server/NetworkManager.cpp:199 	Sent chunk of size 2048 from file: video_teste.webm, 99/395
[2025 05 14 14:07:56] INFO 	src/Server/NetworkManager.cpp:199 	Sent chunk of size 2048 from file: video_teste.webm, 100/395
[2025 05 14 14:07:56] INFO 	src/Server/NetworkManager.cpp:199 	Sent chunk of size 2048 from file: video_teste.webm, 101/395
[2025 05 14 14:07:56] INFO 	src/Server/NetworkManager.cpp:199 	Sent chunk of size 2048 from file: video_teste.webm, 102/395
[2025 05 14 14:07:56] INFO 	src/Server/NetworkManager.cpp:199 	Sent chunk of size 2048 from file: video_teste.webm, 103/395
[2025 05 14 14:07:56] INFO 	src/Server/NetworkManager.cpp:199 	Sent chunk of size 2048 from file: video_teste.webm, 104/395
[2025 05 14 14:07:56] INFO 	src/Server/NetworkManager.cpp:199 	Sent chunk of size 2048 from file: video_teste.webm, 105/395
[2025 05 14 14:07:56] INFO 	src/Server/NetworkManager.cpp:199 	Sent chunk of size 2048 from file: video_teste.webm, 106/395
[2025 05 14 14:07:56] INFO 	src/Server/NetworkManager.cpp:199 	Sent chunk of size 2048 from file: video_teste.webm, 107/395
[2025 05 14 14:07:56] INFO 	src/Server/NetworkManager.cpp:199 	Sent chunk of size 2048 from file: video_teste.webm, 108/395
[2025 05 14 14:07:56] INFO 	src/Server/NetworkManager.cpp:199 	Sent chunk of size 2048 from file: video_teste.webm, 109/395
[2025 05 14 14:07:56] INFO 	src/Server/NetworkManager.cpp:199 	Sent chunk of size 2048 from file: video_teste.webm, 110/395
[2025 05 14 14:07:56] INFO 	src/Server/NetworkManager.cpp:199 	Sent chunk of size 2048 from file: video_teste.webm, 111/395
[2025 05 14 14:07:56] INFO 	src/Server/NetworkManager.cpp:199 	Sent chunk of size 2048 from file: video_teste.webm, 112/395
[2025 05 14 14:07:56] INFO 	src/Server/NetworkManager.cpp:199 	Sent chunk of size 2048 from file: video_teste.webm, 113/395
[2025 05 14 14:07:56] INFO 	src/Server/NetworkManager.cpp:199 	Sent chunk of size 2048 from file: video_teste.webm, 114/395
[2025 05 14 14:07:56] INFO 	src/Server/NetworkManager.cpp:199 	Sent chunk of size 2048 from file: video_teste.webm, 115/395
[2025 05 14 14:07:56] INFO 	src/Server/NetworkManager.cpp:199 	Sent chunk of size 2048 from file: video_teste.webm, 116/395
[2025 05 14 14:07:56] INFO 	src/Server/NetworkManager.cpp:199 	Sent chunk of size 2048 from file: video_teste.webm, 117/395
[2025 05 14 14:07:56] INFO 	src/Server/NetworkManager.cpp:199 	Sent chunk of size 2048 from file: video_teste.webm, 118/395
[2025 05 14 14:07:56] INFO 	src/Server/NetworkManager.cpp:199 	Sent chunk of size 2048 from file: video_teste.webm, 119/395
[2025 05 14 14:07:56] INFO 	src/Server/NetworkManager.cpp:199 	Sent chunk of size 2048 from file: video_teste.webm, 120/395
[2025 05 14 14:07:56] INFO 	src/Server/NetworkManager.cpp:199 	Sent chunk of size 2048 from file: video_teste.webm, 121/395
[2025 05 14 14:07:56] INFO 	src/Server/NetworkManager.cpp:199 	Sent chunk of size 2048 from file: video_teste.webm, 122/395
[2025 05 14 14:07:56] INFO 	src/Server/NetworkManager.cpp:199 	Sent chunk of size 2048 from file: video_teste.webm, 123/395
[2025 05 14 14:07:56] INFO 	src/Server/NetworkManager.cpp:199 	Sent chunk of size 2048 from file: video_teste.webm, 124/395
[2025 05 14 14:07:56] INFO 	src/Server/NetworkManager.cpp:199 	Sent chunk of size 2048 from file: video_teste.webm, 125/395
[2025 05 14 14:07:56] INFO 	src/Server/NetworkManager.cpp:199 	Sent chunk of size 2048 from file: video_teste.webm, 126/395
[2025 05 14 14:07:56] INFO 	src/Server/NetworkManager.cpp:199 	Sent chunk of size 2048 from file: video_teste.webm, 127/395
[2025 05 14 14:07:56] INFO 	src/Server/NetworkManager.cpp:199 	Sent chunk of size 2048 from file: video_teste.webm, 128/395
[2025 05 14 14:07:56] INFO 	src/Server/NetworkManager.cpp:199 	Sent chunk of size 2048 from file: video_teste.webm, 129/395
[2025 05 14 14:07:56] INFO 	src/Server/NetworkManager.cpp:199 	Sent chunk of size 2048 from file: video_teste.webm, 130/395
[2025 05 14 14:07:56] INFO 	src/Server/NetworkManager.cpp:199 	Sent chunk of size 2048 from file: video_teste.webm, 131/395
[2025 05 14 14:07:56] INFO 	src/Server/NetworkManager.cpp:199 	Sent chunk of size 2048 from file: video_teste.webm, 132/395
[2025 05 14 14:07:56] INFO 	src/Server/NetworkManager.cpp:199 	Sent chunk of size 2048 from file: video_teste.webm, 133/395
[2025 05 14 14:07:56] INFO 	src/Server/NetworkManager.cpp:199 	Sent chunk of size 2048 from file: video_teste.webm, 134/395
[2025 05 14 14:07:56] INFO 	src/Server/NetworkManager.cpp:199 	Sent chunk of size 2048 from file: video_teste.webm, 135/395
[2025 05 14 14:07:56] INFO 	src/Server/NetworkManager.cpp:199 	Sent chunk of size 2048 from file: video_teste.webm, 136/395
[2025 05 14 14:07:56] INFO 	src/Server/NetworkManager.cpp:199 	Sent chunk of size 2048 from file: video_teste.webm, 137/395
[2025 05 14 14:07:56] INFO 	src/Server/NetworkManager.cpp:199 	Sent chunk of size 2048 from file: video_teste.webm, 138/395
[2025 05 14 14:07:56] INFO 	src/Server/NetworkManager.cpp:199 	Sent chunk of size 2048 from file: video_teste.webm, 139/395
[2025 05 14 14:07:56] INFO 	src/Server/NetworkManager.cpp:199 	Sent chunk of size 2048 from file: video_teste.webm, 140/395
[2025 05 14 14:07:56] INFO 	src/Server/NetworkManager.cpp:199 	Sent chunk of size 2048 from file: video_teste.webm, 141/395
[2025 05 14 14:07:56] INFO 	src/Server/NetworkManager.cpp:199 	Sent chunk of size 2048 from file: video_teste.webm, 142/395
[2025 05 14 14:07:56] INFO 	src/Server/NetworkManager.cpp:199 	Sent chunk of size 2048 from file: video_teste.webm, 143/395
[2025 05 14 14:07:56] INFO 	src/Server/NetworkManager.cpp:199 	Sent chunk of size 2048 from file: video_teste.webm, 144/395
[2025 05 14 14:07:56] INFO 	src/Server/NetworkManager.cpp:199 	Sent chunk of size 2048 from file: video_teste.webm, 145/395
[2025 05 14 14:07:56] INFO 	src/Server/NetworkManager.cpp:199 	Sent chunk of size 2048 from file: video_teste.webm, 146/395
[2025 05 14 14:07:56] INFO 	src/Server/NetworkManager.cpp:199 	Sent chunk of size 2048 from file: video_teste.webm, 147/395
[2025 05 14 14:07:56] INFO 	src/Server/NetworkManager.cpp:199 	Sent chunk of size 2048 from file: video_teste.webm, 148/395
[2025 05 14 14:07:56] INFO 	src/Server/NetworkManager.cpp:199 	Sent chunk of size 2048 from file: video_teste.webm, 149/395
[2025 05 14 14:07:56] INFO 	src/Server/NetworkManager.cpp:199 	Sent chunk of size 2048 from file: video_teste.webm, 150/395
[2025 05 14 14:07:56] INFO 	src/Server/NetworkManager.cpp:199 	Sent chunk of size 2048 from file: video_teste.webm, 151/395
[2025 05 14 14:07:56] INFO 	src/Server/NetworkManager.cpp:199 	Sent chunk of size 2048 from file: video_teste.webm, 152/395
[2025 05 14 14:07:56] INFO 	src/Server/NetworkManager.cpp:199 	Sent chunk of size 2048 from file: video_teste.webm, 153/395
[2025 05 14 14:07:56] INFO 	src/Server/NetworkManager.cpp:199 	Sent chunk of size 2048 from file: video_teste.webm, 154/395
[2025 05 14 14:07:56] INFO 	src/Server/NetworkManager.cpp:199 	Sent chunk of size 2048 from file: video_teste.webm, 155/395
[2025 05 14 14:07:56] INFO 	src/Server/NetworkManager.cpp:199 	Sent chunk of size 2048 from file: video_teste.webm, 156/395
[2025 05 14 14:07:56] INFO 	src/Server/NetworkManager.cpp:199 	Sent chunk of size 2048 from file: video_teste.webm, 157/395
[2025 05 14 14:07:56] INFO 	src/Server/NetworkManager.cpp:199 	Sent chunk of size 2048 from file: video_teste.webm, 158/395
[2025 05 14 14:07:56] INFO 	src/Server/NetworkManager.cpp:199 	Sent chunk of size 2048 from file: video_teste.webm, 159/395
[2025 05 14 14:07:56] INFO 	src/Server/NetworkManager.cpp:199 	Sent chunk of size 2048 from file: video_teste.webm, 160/395
[2025 05 14 14:07:56] INFO 	src/Server/NetworkManager.cpp:199 	Sent chunk of size 2048 from file: video_teste.webm, 161/395
[2025 05 14 14:07:56] INFO 	src/Server/NetworkManager.cpp:199 	Sent chunk of size 2048 from file: video_teste.webm, 162/395
[2025 05 14 14:07:56] INFO 	src/Server/NetworkManager.cpp:199 	Sent chunk of size 2048 from file: video_teste.webm, 163/395
[2025 05 14 14:07:56] INFO 	src/Server/NetworkManager.cpp:199 	Sent chunk of size 2048 from file: video_teste.webm, 164/395
[2025 05 14 14:07:56] INFO 	src/Server/NetworkManager.cpp:199 	Sent chunk of size 2048 from file: video_teste.webm, 165/395
[2025 05 14 14:07:56] INFO 	src/Server/NetworkManager.cpp:199 	Sent chunk of size 2048 from file: video_teste.webm, 166/395
[2025 05 14 14:07:56] INFO 	src/Server/NetworkManager.cpp:199 	Sent chunk of size 2048 from file: video_teste.webm, 167/395
[2025 05 14 14:07:56] INFO 	src/Server/NetworkManager.cpp:199 	Sent chunk of size 2048 from file: video_teste.webm, 168/395
[2025 05 14 14:07:56] INFO 	src/Server/NetworkManager.cpp:199 	Sent chunk of size 2048 from file: video_teste.webm, 169/395
[2025 05 14 14:07:56] INFO 	src/Server/NetworkManager.cpp:199 	Sent chunk of size 2048 from file: video_teste.webm, 170/395
[2025 05 14 14:07:56] INFO 	src/Server/NetworkManager.cpp:199 	Sent chunk of size 2048 from file: video_teste.webm, 171/395
[2025 05 14 14:07:56] INFO 	src/Server/NetworkManager.cpp:199 	Sent chunk of size 2048 from file: video_teste.webm, 172/395
[2025 05 14 14:07:56] INFO 	src/Server/NetworkManager.cpp:199 	Sent chunk of size 2048 from file: video_teste.webm, 173/395
[2025 05 14 14:07:56] INFO 	src/Server/NetworkManager.cpp:199 	Sent chunk of size 2048 from file: video_teste.webm, 174/395
[2025 05 14 14:07:56] INFO 	src/Server/NetworkManager.cpp:199 	Sent chunk of size 2048 from file: video_teste.webm, 175/395
[2025 05 14 14:07:56] INFO 	src/Server/NetworkManager.cpp:199 	Sent chunk of size 2048 from file: video_teste.webm, 176/395
[2025 05 14 14:07:56] INFO 	src/Server/NetworkManager.cpp:199 	Sent chunk of size 2048 from file: video_teste.webm, 177/395
[2025 05 14 14:07:56] INFO 	src/Server/NetworkManager.cpp:199 	Sent chunk of size 2048 from file: video_teste.webm, 178/395
[2025 05 14 14:07:56] INFO 	src/Server/NetworkManager.cpp:199 	Sent chunk of size 2048 from file: video_teste.webm, 179/395
[2025 05 14 14:07:56] INFO 	src/Server/NetworkManager.cpp:199 	Sent chunk of size 2048 from file: video_teste.webm, 180/395
[2025 05 14 14:07:56] INFO 	src/Server/NetworkManager.cpp:199 	Sent chunk of size 2048 from file: video_teste.webm, 181/395
[2025 05 14 14:07:56] INFO 	src/Server/NetworkManager.cpp:199 	Sent chunk of size 2048 from file: video_teste.webm, 182/395
[2025 05 14 14:07:56] INFO 	src/Server/NetworkManager.cpp:199 	Sent chunk of size 2048 from file: video_teste.webm, 183/395
[2025 05 14 14:07:56] INFO 	src/Server/NetworkManager.cpp:199 	Sent chunk of size 2048 from file: video_teste.webm, 184/395
[2025 05 14 14:07:56] INFO 	src/Server/NetworkManager.cpp:199 	Sent chunk of size 2048 from file: video_teste.webm, 185/395
[2025 05 14 14:07:56] INFO 	src/Server/NetworkManager.cpp:199 	Sent chunk of size 2048 from file: video_teste.webm, 186/395
[2025 05 14 14:07:56] INFO 	src/Server/NetworkManager.cpp:199 	Sent chunk of size 2048 from file: video_teste.webm, 187/395
[2025 05 14 14:07:56] INFO 	src/Server/NetworkManager.cpp:199 	Sent chunk of size 2048 from file: video_teste.webm, 188/395
[2025 05 14 14:07:56] INFO 	src/Server/NetworkManager.cpp:199 	Sent chunk of size 2048 from file: video_teste.webm, 189/395
[2025 05 14 14:07:56] INFO 	src/Server/NetworkManager.cpp:199 	Sent chunk of size 2048 from file: video_teste.webm, 190/395
[2025 05 14 14:07:56] INFO 	src/Server/NetworkManager.cpp:199 	Sent chunk of size 2048 from file: video_teste.webm, 191/395
[2025 05 14 14:07:56] INFO 	src/Server/NetworkManager.cpp:199 	Sent chunk of size 2048 from file: video_teste.webm, 192/395
[2025 05 14 14:07:56] INFO 	src/Server/NetworkManager.cpp:199 	Sent chunk of size 2048 from file: video_teste.webm, 193/395
[2025 05 14 14:07:56] INFO 	src/Server/NetworkManager.cpp:199 	Sent chunk of size 2048 from file: video_teste.webm, 194/395
[2025 05 14 14:07:56] INFO 	src/Server/NetworkManager.cpp:199 	Sent chunk of size 2048 from file: video_teste.webm, 195/395
[2025 05 14 14:07:56] INFO 	src/Server/NetworkManager.cpp:199 	Sent chunk of size 2048 from file: video_teste.webm, 196/395
[2025 05 14 14:07:56] INFO 	src/Server/NetworkManager.cpp:199 	Sent chunk of size 2048 from file: video_teste.webm, 197/395
[2025 05 14 14:07:56] INFO 	src/Server/NetworkManager.cpp:199 	Sent chunk of size 2048 from file: video_teste.webm, 198/395
[2025 05 14 14:07:56] INFO 	src/Server/NetworkManager.cpp:199 	Sent chunk of size 2048 from file: video_teste.webm, 199/395
[2025 05 14 14:07:56] INFO 	src/Server/NetworkManager.cpp:199 	Sent chunk of size 2048 from file: video_teste.webm, 200/395
[2025 05 14 14:07:56] INFO 	src/Server/NetworkManager.cpp:199 	Sent chunk of size 2048 from file: video_teste.webm, 201/395
[2025 05 14 14:07:56] INFO 	src/Server/NetworkManager.cpp:199 	Sent chunk of size 2048 from file: video_teste.webm, 202/395
[2025 05 14 14:07:56] INFO 	src/Server/NetworkManager.cpp:199 	Sent chunk of size 2048 from file: video_teste.webm, 203/395
[2025 05 14 14:07:56] INFO 	src/Server/NetworkManager.cpp:199 	Sent chunk of size 2048 from file: video_teste.webm, 204/395
[2025 05 14 14:07:56] INFO 	src/Server/NetworkManager.cpp:199 	Sent chunk of size 2048 from file: video_teste.webm, 205/395
[2025 05 14 14:07:56] INFO 	src/Server/NetworkManager.cpp:199 	Sent chunk of size 2048 from file: video_teste.webm, 206/395
[2025 05 14 14:07:56] INFO 	src/Server/NetworkManager.cpp:199 	Sent chunk of size 2048 from file: video_teste.webm, 207/395
[2025 05 14 14:07:56] INFO 	src/Server/NetworkManager.cpp:199 	Sent chunk of size 2048 from file: video_teste.webm, 208/395
[2025 05 14 14:07:56] INFO 	src/Server/NetworkManager.cpp:199 	Sent chunk of size 2048 from file: video_teste.webm, 209/395
[2025 05 14 14:07:56] INFO 	src/Server/NetworkManager.cpp:199 	Sent chunk of size 2048 from file: video_teste.webm, 210/395
[2025 05 14 14:07:56] INFO 	src/Server/NetworkManager.cpp:199 	Sent chunk of size 2048 from file: video_teste.webm, 211/395
[2025 05 14 14:07:56] INFO 	src/Server/NetworkManager.cpp:199 	Sent chunk of size 2048 from file: video_teste.webm, 212/395
[2025 05 14 14:07:56] INFO 	src/Server/NetworkManager.cpp:199 	Sent chunk of size 2048 from file: video_teste.webm, 213/395
[2025 05 14 14:07:56] INFO 	src/Server/NetworkManager.cpp:199 	Sent chunk of size 2048 from file: video_teste.webm, 214/395
[2025 05 14 14:07:56] INFO 	src/Server/NetworkManager.cpp:199 	Sent chunk of size 2048 from file: video_teste.webm, 215/395
[2025 05 14 14:07:56] INFO 	src/Server/NetworkManager.cpp:199 	Sent chunk of size 2048 from file: video_teste.webm, 216/395
[2025 05 14 14:07:56] INFO 	src/Server/NetworkManager.cpp:199 	Sent chunk of size 2048 from file: video_teste.webm, 217/395
[2025 05 14 14:07:56] INFO 	src/Server/NetworkManager.cpp:199 	Sent chunk of size 2048 from file: video_teste.webm, 218/395
[2025 05 14 14:07:56] INFO 	src/Server/NetworkManager.cpp:199 	Sent chunk of size 2048 from file: video_teste.webm, 219/395
[2025 05 14 14:07:56] INFO 	src/Server/NetworkManager.cpp:199 	Sent chunk of size 2048 from file: video_teste.webm, 220/395
[2025 05 14 14:07:56] INFO 	src/Server/NetworkManager.cpp:199 	Sent chunk of size 2048 from file: video_teste.webm, 221/395
[2025 05 14 14:07:56] INFO 	src/Server/NetworkManager.cpp:199 	Sent chunk of size 2048 from file: video_teste.webm, 222/395
[2025 05 14 14:07:56] INFO 	src/Server/NetworkManager.cpp:199 	Sent chunk of size 2048 from file: video_teste.webm, 223/395
[2025 05 14 14:07:56] INFO 	src/Server/NetworkManager.cpp:199 	Sent chunk of size 2048 from file: video_teste.webm, 224/395
[2025 05 14 14:07:56] INFO 	src/Server/NetworkManager.cpp:199 	Sent chunk of size 2048 from file: video_teste.webm, 225/395
[2025 05 14 14:07:56] INFO 	src/Server/NetworkManager.cpp:199 	Sent chunk of size 2048 from file: video_teste.webm, 226/395
[2025 05 14 14:07:56] INFO 	src/Server/NetworkManager.cpp:199 	Sent chunk of size 2048 from file: video_teste.webm, 227/395
[2025 05 14 14:07:56] INFO 	src/Server/NetworkManager.cpp:199 	Sent chunk of size 2048 from file: video_teste.webm, 228/395
[2025 05 14 14:07:56] INFO 	src/Server/NetworkManager.cpp:199 	Sent chunk of size 2048 from file: video_teste.webm, 229/395
[2025 05 14 14:07:56] INFO 	src/Server/NetworkManager.cpp:199 	Sent chunk of size 2048 from file: video_teste.webm, 230/395
[2025 05 14 14:07:56] INFO 	src/Server/NetworkManager.cpp:199 	Sent chunk of size 2048 from file: video_teste.webm, 231/395
[2025 05 14 14:07:56] INFO 	src/Server/NetworkManager.cpp:199 	Sent chunk of size 2048 from file: video_teste.webm, 232/395
[2025 05 14 14:07:56] INFO 	src/Server/NetworkManager.cpp:199 	Sent chunk of size 2048 from file: video_teste.webm, 233/395
[2025 05 14 14:07:56] INFO 	src/Server/NetworkManager.cpp:199 	Sent chunk of size 2048 from file: video_teste.webm, 234/395
[2025 05 14 14:07:56] INFO 	src/Server/NetworkManager.cpp:199 	Sent chunk of size 2048 from file: video_teste.webm, 235/395
[2025 05 14 14:07:56] INFO 	src/Server/NetworkManager.cpp:199 	Sent chunk of size 2048 from file: video_teste.webm, 236/395
[2025 05 14 14:07:56] INFO 	src/Server/NetworkManager.cpp:199 	Sent chunk of size 2048 from file: video_teste.webm, 237/395
[2025 05 14 14:07:56] INFO 	src/Server/NetworkManager.cpp:199 	Sent chunk of size 2048 from file: video_teste.webm, 238/395
[2025 05 14 14:07:56] INFO 	src/Server/NetworkManager.cpp:199 	Sent chunk of size 2048 from file: video_teste.webm, 239/395
[2025 05 14 14:07:56] INFO 	src/Server/NetworkManager.cpp:199 	Sent chunk of size 2048 from file: video_teste.webm, 240/395
[2025 05 14 14:07:56] INFO 	src/Server/NetworkManager.cpp:199 	Sent chunk of size 2048 from file: video_teste.webm, 241/395
[2025 05 14 14:07:56] INFO 	src/Server/NetworkManager.cpp:199 	Sent chunk of size 2048 from file: video_teste.webm, 242/395
[2025 05 14 14:07:56] INFO 	src/Server/NetworkManager.cpp:199 	Sent chunk of size 2048 from file: video_teste.webm, 243/395
[2025 05 14 14:07:56] INFO 	src/Server/NetworkManager.cpp:199 	Sent chunk of size 2048 from file: video_teste.webm, 244/395
[2025 05 14 14:07:56] INFO 	src/Server/NetworkManager.cpp:199 	Sent chunk of size 2048 from file: video_teste.webm, 245/395
[2025 05 14 14:07:56] INFO 	src/Server/NetworkManager.cpp:199 	Sent chunk of size 2048 from file: video_teste.webm, 246/395
[2025 05 14 14:07:56] INFO 	src/Server/NetworkManager.cpp:199 	Sent chunk of size 2048 from file: video_teste.webm, 247/395
[2025 05 14 14:07:56] INFO 	src/Server/NetworkManager.cpp:199 	Sent chunk of size 2048 from file: video_teste.webm, 248/395
[2025 05 14 14:07:56] INFO 	src/Server/NetworkManager.cpp:199 	Sent chunk of size 2048 from file: video_teste.webm, 249/395
[2025 05 14 14:07:56] INFO 	src/Server/NetworkManager.cpp:199 	Sent chunk of size 2048 from file: video_teste.webm, 250/395
[2025 05 14 14:07:56] INFO 	src/Server/NetworkManager.cpp:199 	Sent chunk of size 2048 from file: video_teste.webm, 251/395
[2025 05 14 14:07:56] INFO 	src/Server/NetworkManager.cpp:199 	Sent chunk of size 2048 from file: video_teste.webm, 252/395
[2025 05 14 14:07:56] INFO 	src/Server/NetworkManager.cpp:199 	Sent chunk of size 2048 from file: video_teste.webm, 253/395
[2025 05 14 14:07:56] INFO 	src/Server/NetworkManager.cpp:199 	Sent chunk of size 2048 from file: video_teste.webm, 254/395
[2025 05 14 14:07:56] INFO 	src/Server/NetworkManager.cpp:199 	Sent chunk of size 2048 from file: video_teste.webm, 255/395
[2025 05 14 14:07:56] INFO 	src/Server/NetworkManager.cpp:199 	Sent chunk of size 2048 from file: video_teste.webm, 256/395
[2025 05 14 14:07:56] INFO 	src/Server/NetworkManager.cpp:199 	Sent chunk of size 2048 from file: video_teste.webm, 257/395
[2025 05 14 14:07:56] INFO 	src/Server/NetworkManager.cpp:199 	Sent chunk of size 2048 from file: video_teste.webm, 258/395
[2025 05 14 14:07:56] INFO 	src/Server/NetworkManager.cpp:199 	Sent chunk of size 2048 from file: video_teste.webm, 259/395
[2025 05 14 14:07:56] INFO 	src/Server/NetworkManager.cpp:199 	Sent chunk of size 2048 from file: video_teste.webm, 260/395
[2025 05 14 14:07:56] INFO 	src/Server/NetworkManager.cpp:199 	Sent chunk of size 2048 from file: video_teste.webm, 261/395
[2025 05 14 14:07:56] INFO 	src/Server/NetworkManager.cpp:199 	Sent chunk of size 2048 from file: video_teste.webm, 262/395
[2025 05 14 14:07:56] INFO 	src/Server/NetworkManager.cpp:199 	Sent chunk of size 2048 from file: video_teste.webm, 263/395
[2025 05 14 14:07:56] INFO 	src/Server/NetworkManager.cpp:199 	Sent chunk of size 2048 from file: video_teste.webm, 264/395
[2025 05 14 14:07:56] INFO 	src/Server/NetworkManager.cpp:199 	Sent chunk of size 2048 from file: video_teste.webm, 265/395
[2025 05 14 14:07:56] INFO 	src/Server/NetworkManager.cpp:199 	Sent chunk of size 2048 from file: video_teste.webm, 266/395
[2025 05 14 14:07:56] INFO 	src/Server/NetworkManager.cpp:199 	Sent chunk of size 2048 from file: video_teste.webm, 267/395
[2025 05 14 14:07:56] INFO 	src/Server/NetworkManager.cpp:199 	Sent chunk of size 2048 from file: video_teste.webm, 268/395
[2025 05 14 14:07:56] INFO 	src/Server/NetworkManager.cpp:199 	Sent chunk of size 2048 from file: video_teste.webm, 269/395
[2025 05 14 14:07:56] INFO 	src/Server/NetworkManager.cpp:199 	Sent chunk of size 2048 from file: video_teste.webm, 270/395
[2025 05 14 14:07:56] INFO 	src/Server/NetworkManager.cpp:199 	Sent chunk of size 2048 from file: video_teste.webm, 271/395
[2025 05 14 14:07:56] INFO 	src/Server/NetworkManager.cpp:199 	Sent chunk of size 2048 from file: video_teste.webm, 272/395
[2025 05 14 14:07:56] INFO 	src/Server/NetworkManager.cpp:199 	Sent chunk of size 2048 from file: video_teste.webm, 273/395
[2025 05 14 14:07:56] INFO 	src/Server/NetworkManager.cpp:199 	Sent chunk of size 2048 from file: video_teste.webm, 274/395
[2025 05 14 14:07:56] INFO 	src/Server/NetworkManager.cpp:199 	Sent chunk of size 2048 from file: video_teste.webm, 275/395
[2025 05 14 14:07:56] INFO 	src/Server/NetworkManager.cpp:199 	Sent chunk of size 2048 from file: video_teste.webm, 276/395
[2025 05 14 14:07:56] INFO 	src/Server/NetworkManager.cpp:199 	Sent chunk of size 2048 from file: video_teste.webm, 277/395
[2025 05 14 14:07:56] INFO 	src/Server/NetworkManager.cpp:199 	Sent chunk of size 2048 from file: video_teste.webm, 278/395
[2025 05 14 14:07:56] INFO 	src/Server/NetworkManager.cpp:199 	Sent chunk of size 2048 from file: video_teste.webm, 279/395
[2025 05 14 14:07:56] INFO 	src/Server/NetworkManager.cpp:199 	Sent chunk of size 2048 from file: video_teste.webm, 280/395
[2025 05 14 14:07:56] INFO 	src/Server/NetworkManager.cpp:199 	Sent chunk of size 2048 from file: video_teste.webm, 281/395
[2025 05 14 14:07:56] INFO 	src/Server/NetworkManager.cpp:199 	Sent chunk of size 2048 from file: video_teste.webm, 282/395
[2025 05 14 14:07:56] INFO 	src/Server/NetworkManager.cpp:199 	Sent chunk of size 2048 from file: video_teste.webm, 283/395
[2025 05 14 14:07:56] INFO 	src/Server/NetworkManager.cpp:199 	Sent chunk of size 2048 from file: video_teste.webm, 284/395
[2025 05 14 14:07:56] INFO 	src/Server/NetworkManager.cpp:199 	Sent chunk of size 2048 from file: video_teste.webm, 285/395
[2025 05 14 14:07:56] INFO 	src/Server/NetworkManager.cpp:199 	Sent chunk of size 2048 from file: video_teste.webm, 286/395
[2025 05 14 14:07:56] INFO 	src/Server/NetworkManager.cpp:199 	Sent chunk of size 2048 from file: video_teste.webm, 287/395
[2025 05 14 14:07:56] INFO 	src/Server/NetworkManager.cpp:199 	Sent chunk of size 2048 from file: video_teste.webm, 288/395
[2025 05 14 14:07:56] INFO 	src/Server/NetworkManager.cpp:199 	Sent chunk of size 2048 from file: video_teste.webm, 289/395
[2025 05 14 14:07:56] INFO 	src/Server/NetworkManager.cpp:199 	Sent chunk of size 2048 from file: video_teste.webm, 290/395
[2025 05 14 14:07:56] INFO 	src/Server/NetworkManager.cpp:199 	Sent chunk of size 2048 from file: video_teste.webm, 291/395
[2025 05 14 14:07:56] INFO 	src/Server/NetworkManager.cpp:199 	Sent chunk of size 2048 from file: video_teste.webm, 292/395
[2025 05 14 14:07:56] INFO 	src/Server/NetworkManager.cpp:199 	Sent chunk of size 2048 from file: video_teste.webm, 293/395
[2025 05 14 14:07:56] INFO 	src/Server/NetworkManager.cpp:199 	Sent chunk of size 2048 from file: video_teste.webm, 294/395
[2025 05 14 14:07:56] INFO 	src/Server/NetworkManager.cpp:199 	Sent chunk of size 2048 from file: video_teste.webm, 295/395
[2025 05 14 14:07:56] INFO 	src/Server/NetworkManager.cpp:199 	Sent chunk of size 2048 from file: video_teste.webm, 296/395
[2025 05 14 14:07:56] INFO 	src/Server/NetworkManager.cpp:199 	Sent chunk of size 2048 from file: video_teste.webm, 297/395
[2025 05 14 14:07:56] INFO 	src/Server/NetworkManager.cpp:199 	Sent chunk of size 2048 from file: video_teste.webm, 298/395
[2025 05 14 14:07:56] INFO 	src/Server/NetworkManager.cpp:199 	Sent chunk of size 2048 from file: video_teste.webm, 299/395
[2025 05 14 14:07:56] INFO 	src/Server/NetworkManager.cpp:199 	Sent chunk of size 2048 from file: video_teste.webm, 300/395
[2025 05 14 14:07:56] INFO 	src/Server/NetworkManager.cpp:199 	Sent chunk of size 2048 from file: video_teste.webm, 301/395
[2025 05 14 14:07:56] INFO 	src/Server/NetworkManager.cpp:199 	Sent chunk of size 2048 from file: video_teste.webm, 302/395
[2025 05 14 14:07:56] INFO 	src/Server/NetworkManager.cpp:199 	Sent chunk of size 2048 from file: video_teste.webm, 303/395
[2025 05 14 14:07:56] INFO 	src/Server/NetworkManager.cpp:199 	Sent chunk of size 2048 from file: video_teste.webm, 304/395
[2025 05 14 14:07:56] INFO 	src/Server/NetworkManager.cpp:199 	Sent chunk of size 2048 from file: video_teste.webm, 305/395
[2025 05 14 14:07:56] INFO 	src/Server/NetworkManager.cpp:199 	Sent chunk of size 2048 from file: video_teste.webm, 306/395
[2025 05 14 14:07:56] INFO 	src/Server/NetworkManager.cpp:199 	Sent chunk of size 2048 from file: video_teste.webm, 307/395
[2025 05 14 14:07:56] INFO 	src/Server/NetworkManager.cpp:199 	Sent chunk of size 2048 from file: video_teste.webm, 308/395
[2025 05 14 14:07:56] INFO 	src/Server/NetworkManager.cpp:199 	Sent chunk of size 2048 from file: video_teste.webm, 309/395
[2025 05 14 14:07:56] INFO 	src/Server/NetworkManager.cpp:199 	Sent chunk of size 2048 from file: video_teste.webm, 310/395
[2025 05 14 14:07:56] INFO 	src/Server/NetworkManager.cpp:199 	Sent chunk of size 2048 from file: video_teste.webm, 311/395
[2025 05 14 14:07:56] INFO 	src/Server/NetworkManager.cpp:199 	Sent chunk of size 2048 from file: video_teste.webm, 312/395
[2025 05 14 14:07:56] INFO 	src/Server/NetworkManager.cpp:199 	Sent chunk of size 2048 from file: video_teste.webm, 313/395
[2025 05 14 14:07:56] INFO 	src/Server/NetworkManager.cpp:199 	Sent chunk of size 2048 from file: video_teste.webm, 314/395
[2025 05 14 14:07:56] INFO 	src/Server/NetworkManager.cpp:199 	Sent chunk of size 2048 from file: video_teste.webm, 315/395
[2025 05 14 14:07:56] INFO 	src/Server/NetworkManager.cpp:199 	Sent chunk of size 2048 from file: video_teste.webm, 316/395
[2025 05 14 14:07:56] INFO 	src/Server/NetworkManager.cpp:199 	Sent chunk of size 2048 from file: video_teste.webm, 317/395
[2025 05 14 14:07:56] INFO 	src/Server/NetworkManager.cpp:199 	Sent chunk of size 2048 from file: video_teste.webm, 318/395
[2025 05 14 14:07:56] INFO 	src/Server/NetworkManager.cpp:199 	Sent chunk of size 2048 from file: video_teste.webm, 319/395
[2025 05 14 14:07:56] INFO 	src/Server/NetworkManager.cpp:199 	Sent chunk of size 2048 from file: video_teste.webm, 320/395
[2025 05 14 14:07:56] INFO 	src/Server/NetworkManager.cpp:199 	Sent chunk of size 2048 from file: video_teste.webm, 321/395
[2025 05 14 14:07:56] INFO 	src/Server/NetworkManager.cpp:199 	Sent chunk of size 2048 from file: video_teste.webm, 322/395
[2025 05 14 14:07:56] INFO 	src/Server/NetworkManager.cpp:199 	Sent chunk of size 2048 from file: video_teste.webm, 323/395
[2025 05 14 14:07:56] INFO 	src/Server/NetworkManager.cpp:199 	Sent chunk of size 2048 from file: video_teste.webm, 324/395
[2025 05 14 14:07:56] INFO 	src/Server/NetworkManager.cpp:199 	Sent chunk of size 2048 from file: video_teste.webm, 325/395
[2025 05 14 14:07:56] INFO 	src/Server/NetworkManager.cpp:199 	Sent chunk of size 2048 from file: video_teste.webm, 326/395
[2025 05 14 14:07:56] INFO 	src/Server/NetworkManager.cpp:199 	Sent chunk of size 2048 from file: video_teste.webm, 327/395
[2025 05 14 14:07:56] INFO 	src/Server/NetworkManager.cpp:199 	Sent chunk of size 2048 from file: video_teste.webm, 328/395
[2025 05 14 14:07:56] INFO 	src/Server/NetworkManager.cpp:199 	Sent chunk of size 2048 from file: video_teste.webm, 329/395
[2025 05 14 14:07:56] INFO 	src/Server/NetworkManager.cpp:199 	Sent chunk of size 2048 from file: video_teste.webm, 330/395
[2025 05 14 14:07:56] INFO 	src/Server/NetworkManager.cpp:199 	Sent chunk of size 2048 from file: video_teste.webm, 331/395
[2025 05 14 14:07:56] INFO 	src/Server/NetworkManager.cpp:199 	Sent chunk of size 2048 from file: video_teste.webm, 332/395
[2025 05 14 14:07:56] INFO 	src/Server/NetworkManager.cpp:199 	Sent chunk of size 2048 from file: video_teste.webm, 333/395
